# JRE version: Java(TM) SE Runtime Environment (8.0_111-b14) (build 1.8.0_111-b14)
# Java VM: Java HotSpot(TM) 64-Bit Server VM (25.111-b14 mixed mode windows-amd64 compressed oops)
Heap:
 PSYoungGen      total 134656K, used 122579K [0x000000076b100000, 0x0000000775f00000, 0x00000007c0000000)
  eden space 123904K, 90% used [0x000000076b100000,0x0000000771e35368,0x0000000772a00000)
  from space 10752K, 99% used [0x0000000772a00000,0x000000077347f960,0x0000000773480000)
  to   space 10752K, 0% used [0x0000000775480000,0x0000000775480000,0x0000000775f00000)
 ParOldGen       total 100864K, used 8642K [0x00000006c1200000, 0x00000006c7480000, 0x000000076b100000)
  object space 100864K, 8% used [0x00000006c1200000,0x00000006c1a70950,0x00000006c7480000)
 Metaspace       used 40199K, capacity 41278K, committed 41472K, reserved 1085440K
  class space    used 5620K, capacity 5847K, committed 5888K, reserved 1048576K
GC Heap History (10 events):
Event: 2.233 GC heap before
{Heap before GC invocations=3 (full 0):
 PSYoungGen      total 76288K, used 38487K [0x000000076b100000, 0x0000000770600000, 0x00000007c0000000)
  eden space 65536K, 43% used [0x000000076b100000,0x000000076ccd7670,0x000000076f100000)
  from space 10752K, 92% used [0x000000076fb80000,0x000000077053e5b8,0x0000000770600000)
  to   space 10752K, 0% used [0x000000076f100000,0x000000076f100000,0x000000076fb80000)
 ParOldGen       total 175104K, used 16K [0x00000006c1200000, 0x00000006cbd00000, 0x000000076b100000)
  object space 175104K, 0% used [0x00000006c1200000,0x00000006c1204000,0x00000006cbd00000)
 Metaspace       used 20702K, capacity 21128K, committed 21248K, reserved 1067008K
  class space    used 2920K, capacity 3016K, committed 3072K, reserved 1048576K
Event: 2.239 GC heap after
Heap after GC invocations=3 (full 0):
 PSYoungGen      total 76288K, used 7188K [0x000000076b100000, 0x0000000774600000, 0x00000007c0000000)
  eden space 65536K, 0% used [0x000000076b100000,0x000000076b100000,0x000000076f100000)
  from space 10752K, 66% used [0x000000076f100000,0x000000076f805230,0x000000076fb80000)
  to   space 10752K, 0% used [0x0000000773b80000,0x0000000773b80000,0x0000000774600000)
 ParOldGen       total 175104K, used 24K [0x00000006c1200000, 0x00000006cbd00000, 0x000000076b100000)
  object space 175104K, 0% used [0x00000006c1200000,0x00000006c1206000,0x00000006cbd00000)
 Metaspace       used 20702K, capacity 21128K, committed 21248K, reserved 1067008K
  class space    used 2920K, capacity 3016K, committed 3072K, reserved 1048576K
}
Event: 2.239 GC heap before
{Heap before GC invocations=4 (full 1):
 PSYoungGen      total 76288K, used 7188K [0x000000076b100000, 0x0000000774600000, 0x00000007c0000000)
  eden space 65536K, 0% used [0x000000076b100000,0x000000076b100000,0x000000076f100000)
  from space 10752K, 66% used [0x000000076f100000,0x000000076f805230,0x000000076fb80000)
  to   space 10752K, 0% used [0x0000000773b80000,0x0000000773b80000,0x0000000774600000)
 ParOldGen       total 175104K, used 24K [0x00000006c1200000, 0x00000006cbd00000, 0x000000076b100000)
  object space 175104K, 0% used [0x00000006c1200000,0x00000006c1206000,0x00000006cbd00000)
 Metaspace       used 20702K, capacity 21128K, committed 21248K, reserved 1067008K
  class space    used 2920K, capacity 3016K, committed 3072K, reserved 1048576K
Event: 2.268 GC heap after
Heap after GC invocations=4 (full 1):
 PSYoungGen      total 76288K, used 0K [0x000000076b100000, 0x0000000774600000, 0x00000007c0000000)
  eden space 65536K, 0% used [0x000000076b100000,0x000000076b100000,0x000000076f100000)
  from space 10752K, 0% used [0x000000076f100000,0x000000076f100000,0x000000076fb80000)
  to   space 10752K, 0% used [0x0000000773b80000,0x0000000773b80000,0x0000000774600000)
 ParOldGen       total 100864K, used 6921K [0x00000006c1200000, 0x00000006c7480000, 0x000000076b100000)
  object space 100864K, 6% used [0x00000006c1200000,0x00000006c18c2728,0x00000006c7480000)
 Metaspace       used 20702K, capacity 21128K, committed 21248K, reserved 1067008K
  class space    used 2920K, capacity 3016K, committed 3072K, reserved 1048576K
}
Event: 6.706 GC heap before
{Heap before GC invocations=5 (full 1):
 PSYoungGen      total 76288K, used 43097K [0x000000076b100000, 0x0000000774600000, 0x00000007c0000000)
  eden space 65536K, 65% used [0x000000076b100000,0x000000076db16568,0x000000076f100000)
  from space 10752K, 0% used [0x000000076f100000,0x000000076f100000,0x000000076fb80000)
  to   space 10752K, 0% used [0x0000000773b80000,0x0000000773b80000,0x0000000774600000)
 ParOldGen       total 100864K, used 6921K [0x00000006c1200000, 0x00000006c7480000, 0x000000076b100000)
  object space 100864K, 6% used [0x00000006c1200000,0x00000006c18c2728,0x00000006c7480000)
 Metaspace       used 23978K, capacity 24532K, committed 24960K, reserved 1071104K
  class space    used 3438K, capacity 3586K, committed 3712K, reserved 1048576K
Event: 6.710 GC heap after
Heap after GC invocations=5 (full 1):
 PSYoungGen      total 107008K, used 3433K [0x000000076b100000, 0x0000000773f00000, 0x00000007c0000000)
  eden space 103424K, 0% used [0x000000076b100000,0x000000076b100000,0x0000000771600000)
  from space 3584K, 95% used [0x0000000773b80000,0x0000000773eda6a0,0x0000000773f00000)
  to   space 10752K, 0% used [0x0000000772a00000,0x0000000772a00000,0x0000000773480000)
 ParOldGen       total 100864K, used 6929K [0x00000006c1200000, 0x00000006c7480000, 0x000000076b100000)
  object space 100864K, 6% used [0x00000006c1200000,0x00000006c18c4728,0x00000006c7480000)
 Metaspace       used 23978K, capacity 24532K, committed 24960K, reserved 1071104K
  class space    used 3438K, capacity 3586K, committed 3712K, reserved 1048576K
}
Event: 6.710 GC heap before
{Heap before GC invocations=6 (full 2):
 PSYoungGen      total 107008K, used 3433K [0x000000076b100000, 0x0000000773f00000, 0x00000007c0000000)
  eden space 103424K, 0% used [0x000000076b100000,0x000000076b100000,0x0000000771600000)
  from space 3584K, 95% used [0x0000000773b80000,0x0000000773eda6a0,0x0000000773f00000)
  to   space 10752K, 0% used [0x0000000772a00000,0x0000000772a00000,0x0000000773480000)
 ParOldGen       total 100864K, used 6929K [0x00000006c1200000, 0x00000006c7480000, 0x000000076b100000)
  object space 100864K, 6% used [0x00000006c1200000,0x00000006c18c4728,0x00000006c7480000)
 Metaspace       used 23978K, capacity 24532K, committed 24960K, reserved 1071104K
  class space    used 3438K, capacity 3586K, committed 3712K, reserved 1048576K
Event: 6.782 GC heap after
Heap after GC invocations=6 (full 2):
 PSYoungGen      total 107008K, used 0K [0x000000076b100000, 0x0000000773f00000, 0x00000007c0000000)
  eden space 103424K, 0% used [0x000000076b100000,0x000000076b100000,0x0000000771600000)
  from space 3584K, 0% used [0x0000000773b80000,0x0000000773b80000,0x0000000773f00000)
  to   space 10752K, 0% used [0x0000000772a00000,0x0000000772a00000,0x0000000773480000)
 ParOldGen       total 100864K, used 8130K [0x00000006c1200000, 0x00000006c7480000, 0x000000076b100000)
  object space 100864K, 8% used [0x00000006c1200000,0x00000006c19f0a30,0x00000006c7480000)
 Metaspace       used 23978K, capacity 24532K, committed 24960K, reserved 1071104K
  class space    used 3438K, capacity 3586K, committed 3712K, reserved 1048576K
}
Event: 13.831 GC heap before
{Heap before GC invocations=7 (full 2):
 PSYoungGen      total 107008K, used 103424K [0x000000076b100000, 0x0000000773f00000, 0x00000007c0000000)
  eden space 103424K, 100% used [0x000000076b100000,0x0000000771600000,0x0000000771600000)
  from space 3584K, 0% used [0x0000000773b80000,0x0000000773b80000,0x0000000773f00000)
  to   space 10752K, 0% used [0x0000000772a00000,0x0000000772a00000,0x0000000773480000)
 ParOldGen       total 100864K, used 8130K [0x00000006c1200000, 0x00000006c7480000, 0x000000076b100000)
  object space 100864K, 8% used [0x00000006c1200000,0x00000006c19f0a30,0x00000006c7480000)
 Metaspace       used 31128K, capacity 31744K, committed 32000K, reserved 1077248K
  class space    used 4386K, capacity 4542K, committed 4608K, reserved 1048576K
Event: 13.839 GC heap after
Heap after GC invocations=7 (full 2):
 PSYoungGen      total 134656K, used 10750K [0x000000076b100000, 0x0000000775f00000, 0x00000007c0000000)
  eden space 123904K, 0% used [0x000000076b100000,0x000000076b100000,0x0000000772a00000)
  from space 10752K, 99% used [0x0000000772a00000,0x000000077347f960,0x0000000773480000)
  to   space 10752K, 0% used [0x0000000775480000,0x0000000775480000,0x0000000775f00000)
 ParOldGen       total 100864K, used 8642K [0x00000006c1200000, 0x00000006c7480000, 0x000000076b100000)
  object space 100864K, 8% used [0x00000006c1200000,0x00000006c1a70950,0x00000006c7480000)
 Metaspace       used 31128K, capacity 31744K, committed 32000K, reserved 1077248K
  class space    used 4386K, capacity 4542K, committed 4608K, reserved 1048576K
}

